<?xml version="1.0" encoding="UTF-8"?>
<!-- Generated by org.testng.reporters.JUnitXMLReporter -->
<testsuite ignored="0" hostname="SubhanPC" failures="1" tests="1" name="Default test" time="3.914" errors="0" timestamp="2024-07-08T16:28:03 IST">
  <testcase classname="io.cucumber.testng.AbstractTestNGCucumberTests" name="runScenario" time="3.584">
    <failure type="io.cucumber.java.PendingException" message="TODO: implement me">
      <![CDATA[io.cucumber.java.PendingException: TODO: implement me
at Steps.MMT_steps.user_performs_certain_test_steps(MMT_steps.java:24)
at ✽.User performs certain test steps(file:///C:/Users/subha/Documents/workspace-spring-tool-suite-4-4.22.1.RELEASE/Cucumber_POM_prj/src/test/resources/MMT/MMT.feature:8)
]]>
    </failure>
  </testcase> <!-- runScenario -->
</testsuite> <!-- Default test -->
