<?xml version="1.0" encoding="UTF-8"?>
<testng-results ignored="0" total="1" passed="0" failed="1" skipped="0">
  <reporter-output>
  </reporter-output>
  <suite started-at="2024-07-08T16:27:59 IST" name="Default suite" finished-at="2024-07-08T16:28:03 IST" duration-ms="3914">
    <groups>
      <group name="cucumber">
        <method signature="AbstractTestNGCucumberTests.runScenario(io.cucumber.testng.PickleWrapper,io.cucumber.testng.FeatureWrapper)[pri:0, instance:Runner.MMT_Runner@1caa0244]" name="runScenario" class="io.cucumber.testng.AbstractTestNGCucumberTests"/>
      </group> <!-- cucumber -->
    </groups>
    <test started-at="2024-07-08T16:27:59 IST" name="Default test" finished-at="2024-07-08T16:28:03 IST" duration-ms="3914">
      <class name="Runner.MMT_Runner">
        <test-method is-config="true" signature="setUpClass(org.testng.ITestContext)[pri:0, instance:Runner.MMT_Runner@1caa0244]" started-at="2024-07-08T16:27:59 IST" name="setUpClass" finished-at="2024-07-08T16:28:00 IST" duration-ms="274" status="PASS">
          <params>
            <param index="0">
              <value>
                <![CDATA[org.testng.TestRunner@7435a578]]>
              </value>
            </param>
          </params>
          <reporter-output>
          </reporter-output>
        </test-method> <!-- setUpClass -->
        <test-method signature="runScenario(io.cucumber.testng.PickleWrapper,io.cucumber.testng.FeatureWrapper)[pri:0, instance:Runner.MMT_Runner@1caa0244]" started-at="2024-07-08T16:28:00 IST" name="runScenario" description="Runs Cucumber Scenarios" data-provider="scenarios" finished-at="2024-07-08T16:28:03 IST" duration-ms="3584" status="FAIL">
          <params>
            <param index="0">
              <value>
                <![CDATA["Validate the search and filter functionality"]]>
              </value>
            </param>
            <param index="1">
              <value>
                <![CDATA["Hotel Booking in MakeMyTrip web application"]]>
              </value>
            </param>
          </params>
          <exception class="io.cucumber.java.PendingException">
            <message>
              <![CDATA[TODO: implement me]]>
            </message>
            <full-stacktrace>
              <![CDATA[io.cucumber.java.PendingException: TODO: implement me
at Steps.MMT_steps.user_performs_certain_test_steps(MMT_steps.java:24)
at ✽.User performs certain test steps(file:///C:/Users/subha/Documents/workspace-spring-tool-suite-4-4.22.1.RELEASE/Cucumber_POM_prj/src/test/resources/MMT/MMT.feature:8)
]]>
            </full-stacktrace>
          </exception> <!-- io.cucumber.java.PendingException -->
          <reporter-output>
          </reporter-output>
        </test-method> <!-- runScenario -->
        <test-method is-config="true" signature="tearDownClass()[pri:0, instance:Runner.MMT_Runner@1caa0244]" started-at="2024-07-08T16:28:03 IST" name="tearDownClass" finished-at="2024-07-08T16:28:03 IST" duration-ms="4" status="PASS">
          <reporter-output>
          </reporter-output>
        </test-method> <!-- tearDownClass -->
      </class> <!-- Runner.MMT_Runner -->
    </test> <!-- Default test -->
  </suite> <!-- Default suite -->
</testng-results>
