<?xml version="1.0" encoding="UTF-8"?>
<!-- Generated by org.testng.reporters.JUnitReportReporter -->
<testsuite hostname="SubhanPC" failures="0" tests="1" name="Runner.MMT_Runner" time="3.584" errors="1" timestamp="2024-07-08T16:28:04 IST" skipped="0">
  <testcase classname="Runner.MMT_Runner" name="runScenario" time="3.584">
    <error message="TODO: implement me" type="io.cucumber.java.PendingException">
      <![CDATA[io.cucumber.java.PendingException: TODO: implement me
at Steps.MMT_steps.user_performs_certain_test_steps(MMT_steps.java:24)
at ✽.User performs certain test steps(file:///C:/Users/subha/Documents/workspace-spring-tool-suite-4-4.22.1.RELEASE/Cucumber_POM_prj/src/test/resources/MMT/MMT.feature:8)
]]>
    </error>
  </testcase> <!-- runScenario -->
  <system-out/>
</testsuite> <!-- Runner.MMT_Runner -->
